1633318535356	geckodriver	INFO	Listening on 127.0.0.1:54406
1633318538422	mozrunner::runner	INFO	Running command: "C:\\Program Files\\Mozilla Firefox\\firefox.exe" "--marionette" "-no-remote" "-profile" "C:\\Users\\DELANO~1\\AppData\\Local\\Temp\\rust_mozprofileAYaxCg"
1633318538738	Marionette	INFO	Marionette enabled
console.warn: SearchSettings: "get: No settings file exists, new profile?" (new NotFoundError("Could not open the file at C:\\Users\\Delano Leslie\\AppData\\Local\\Temp\\rust_mozprofileAYaxCg\\search.json.mozlz4", (void 0)))
1633318540971	Marionette	INFO	Listening on port 60821
JavaScript error: resource://services-settings/Attachments.jsm, line 391: TypeError: / is not a valid URL.
1633318541082	RemoteAgent	WARN	TLS certificate errors will be ignored for this session
JavaScript error: https://www.ebay.com/sch/i.html?_from=R40&_trksid=m570.l1313&_nkw=Bean+Bag&_sacat=0, line 1: TypeError: r[1] is undefined
JavaScript warning: https://pagead2.googlesyndication.com/bg/BPTeJxusP8cOnE_s5L3ABe2tIpKd1NVDJBlhKS7pwaI.js line 1 > eval line 2942 > eval, line 1: WEBGL_debug_renderer_info is deprecated in Firefox and will be removed. Please use RENDERER.
JavaScript error: https://www.ebay.com/sch/i.html?_from=R40&_nkw=Bean+Bag&_sacat=0&_pgn=2, line 1: TypeError: r[1] is undefined
JavaScript error: https://www.ebay.com/sch/i.html?_from=R40&_nkw=Bean+Bag&_sacat=0&_pgn=3, line 1: TypeError: r[1] is undefined
JavaScript error: , line 0: TypeError: NetworkError when attempting to fetch resource.
JavaScript error: , line 0: TypeError: NetworkError when attempting to fetch resource.
JavaScript error: , line 0: TypeError: NetworkError when attempting to fetch resource.
JavaScript error: https://www.ebay.com/sch/i.html?_from=R40&_nkw=Bean+Bag&_sacat=0&_pgn=4, line 1: TypeError: r[1] is undefined
JavaScript error: , line 0: InvalidStateError: An attempt was made to use an object that is not, or is no longer, usable
JavaScript error: https://www.ebay.com/sch/i.html?_from=R40&_nkw=Bean+Bag&_sacat=0&_pgn=5, line 1: TypeError: r[1] is undefined
JavaScript error: , line 0: InvalidStateError: An attempt was made to use an object that is not, or is no longer, usable
JavaScript error: https://www.ebay.com/sch/i.html?_from=R40&_nkw=Bean+Bag&_sacat=0&_pgn=6, line 1: TypeError: r[1] is undefined
JavaScript error: , line 0: InvalidStateError: An attempt was made to use an object that is not, or is no longer, usable
JavaScript error: https://www.ebay.com/sch/i.html?_from=R40&_nkw=Bean+Bag&_sacat=0&_pgn=7, line 1: TypeError: r[1] is undefined
JavaScript error: , line 0: InvalidStateError: An attempt was made to use an object that is not, or is no longer, usable
JavaScript warning: https://pagead2.googlesyndication.com/bg/BPTeJxusP8cOnE_s5L3ABe2tIpKd1NVDJBlhKS7pwaI.js line 1 > eval line 1673 > eval line 1 > eval, line 1: WEBGL_debug_renderer_info is deprecated in Firefox and will be removed. Please use RENDERER.
1633318568694	Marionette	INFO	Stopped listening on port 60821
JavaScript error: resource:///modules/Interactions.jsm, line 230: NS_ERROR_FAILURE: Component returned failure code: 0x80004005 (NS_ERROR_FAILURE) [nsIUserIdleService.removeIdleObserver]
JavaScript error: resource://gre/modules/PromiseWorker.jsm, line 106: Error: IOUtils: Shutting down and refusing additional I/O tasks
